2020-03-02 17:03:09,796 INFO  [restartedMain] com.kezilai.merchant.MerchantApplication          :50   : Starting MerchantApplication on DESKTOP-43PHJIE with PID 6444 (started by 15332 in D:\Java\IntelliJ IDEA-worksoace\merchant)
2020-03-02 17:03:09,802 INFO  [restartedMain] com.kezilai.merchant.MerchantApplication          :675  : No active profile set, falling back to default profiles: default
2020-03-02 17:03:09,850 INFO  [restartedMain] org.springframework.boot.devtools.env.DevToolsPropertyDefaultsPostProcessor:227  : Devtools property defaults active! Set 'spring.devtools.add-properties' to 'false' to disable
2020-03-02 17:03:09,850 INFO  [restartedMain] org.springframework.boot.devtools.env.DevToolsPropertyDefaultsPostProcessor:227  : For additional web related logging consider setting the 'logging.level.web' property to 'DEBUG'
2020-03-02 17:03:10,304 INFO  [restartedMain] org.springframework.data.repository.config.RepositoryConfigurationDelegate:244  : Multiple Spring Data modules found, entering strict repository configuration mode!
2020-03-02 17:03:10,306 INFO  [restartedMain] org.springframework.data.repository.config.RepositoryConfigurationDelegate:126  : Bootstrapping Spring Data repositories in DEFAULT mode.
2020-03-02 17:03:10,326 INFO  [restartedMain] org.springframework.data.repository.config.RepositoryConfigurationDelegate:182  : Finished Spring Data repository scanning in 10ms. Found 0 repository interfaces.
2020-03-02 17:03:10,532 INFO  [restartedMain] org.springframework.context.support.PostProcessorRegistrationDelegate$BeanPostProcessorChecker:330  : Bean 'org.springframework.transaction.annotation.ProxyTransactionManagementConfiguration' of type [org.springframework.transaction.annotation.ProxyTransactionManagementConfiguration$$EnhancerBySpringCGLIB$$26b1e431] is not eligible for getting processed by all BeanPostProcessors (for example: not eligible for auto-proxying)
2020-03-02 17:03:12,515 INFO  [restartedMain] org.springframework.boot.web.embedded.tomcat.TomcatWebServer:90   : Tomcat initialized with port(s): 8080 (http)
2020-03-02 17:03:12,526 INFO  [restartedMain] org.apache.coyote.http11.Http11NioProtocol        :173  : Initializing ProtocolHandler ["http-nio-8080"]
2020-03-02 17:03:12,532 INFO  [restartedMain] org.apache.catalina.core.StandardService          :173  : Starting service [Tomcat]
2020-03-02 17:03:12,532 INFO  [restartedMain] org.apache.catalina.core.StandardEngine           :173  : Starting Servlet Engine: Apache Tomcat/9.0.13
2020-03-02 17:03:12,538 INFO  [restartedMain] org.apache.catalina.core.AprLifecycleListener     :173  : Loaded APR based Apache Tomcat Native library [1.2.23] using APR version [1.7.0].
2020-03-02 17:03:12,538 INFO  [restartedMain] org.apache.catalina.core.AprLifecycleListener     :173  : APR capabilities: IPv6 [true], sendfile [true], accept filters [false], random [true].
2020-03-02 17:03:12,538 INFO  [restartedMain] org.apache.catalina.core.AprLifecycleListener     :173  : APR/OpenSSL configuration: useAprConnector [false], useOpenSSL [true]
2020-03-02 17:03:12,542 INFO  [restartedMain] org.apache.catalina.core.AprLifecycleListener     :173  : OpenSSL successfully initialized [OpenSSL 1.1.1c  28 May 2019]
2020-03-02 17:03:12,795 INFO  [restartedMain] org.apache.jasper.servlet.TldScanner              :173  : At least one JAR was scanned for TLDs yet contained no TLDs. Enable debug logging for this logger for a complete list of JARs that were scanned but no TLDs were found in them. Skipping unneeded JARs during scanning can improve startup time and JSP compilation time.
2020-03-02 17:03:12,800 INFO  [restartedMain] org.apache.catalina.core.ContainerBase.[Tomcat].[localhost].[/]:173  : Initializing Spring embedded WebApplicationContext
2020-03-02 17:03:12,800 INFO  [restartedMain] org.springframework.web.context.ContextLoader     :296  : Root WebApplicationContext: initialization completed in 2950 ms
2020-03-02 17:03:13,446 INFO  [restartedMain] org.springframework.scheduling.concurrent.ThreadPoolTaskExecutor:171  : Initializing ExecutorService 'applicationTaskExecutor'
2020-03-02 17:03:13,509 INFO  [restartedMain] org.springframework.boot.autoconfigure.web.servlet.WelcomePageHandlerMapping:61   : Adding welcome page template: index
2020-03-02 17:03:13,763 INFO  [restartedMain] org.springframework.boot.devtools.autoconfigure.OptionalLiveReloadServer:57   : LiveReload server is running on port 35729
2020-03-02 17:03:13,787 INFO  [restartedMain] org.apache.coyote.http11.Http11NioProtocol        :173  : Starting ProtocolHandler ["http-nio-8080"]
2020-03-02 17:03:13,794 INFO  [restartedMain] org.apache.tomcat.util.net.NioSelectorPool        :173  : Using a shared selector for servlet write/read
2020-03-02 17:03:13,813 INFO  [restartedMain] org.springframework.boot.web.embedded.tomcat.TomcatWebServer:204  : Tomcat started on port(s): 8080 (http) with context path ''
2020-03-02 17:03:13,816 INFO  [restartedMain] com.kezilai.merchant.MerchantApplication          :59   : Started MerchantApplication in 4.325 seconds (JVM running for 5.234)
2020-03-02 17:03:31,232 INFO  [http-nio-8080-exec-1] org.apache.catalina.core.ContainerBase.[Tomcat].[localhost].[/]:173  : Initializing Spring DispatcherServlet 'dispatcherServlet'
2020-03-02 17:03:31,233 INFO  [http-nio-8080-exec-1] org.springframework.web.servlet.DispatcherServlet :524  : Initializing Servlet 'dispatcherServlet'
2020-03-02 17:03:31,238 INFO  [http-nio-8080-exec-1] org.springframework.web.servlet.DispatcherServlet :546  : Completed initialization in 5 ms
2020-03-02 17:03:36,732 INFO  [http-nio-8080-exec-3] com.zaxxer.hikari.HikariDataSource                :110  : HikariPool-1 - Starting...
2020-03-02 17:03:36,857 INFO  [http-nio-8080-exec-3] com.zaxxer.hikari.HikariDataSource                :123  : HikariPool-1 - Start completed.
2020-03-02 17:03:36,888 DEBUG [http-nio-8080-exec-3] com.kezilai.merchant.mapper.MerchantMapper.selectPage:143  : ==>  Preparing: SELECT COUNT(1) FROM merchant 
2020-03-02 17:03:36,902 DEBUG [http-nio-8080-exec-3] com.kezilai.merchant.mapper.MerchantMapper.selectPage:143  : ==> Parameters: 
2020-03-02 17:03:36,945 DEBUG [http-nio-8080-exec-3] com.kezilai.merchant.mapper.MerchantMapper.selectPage:143  : ==>  Preparing: SELECT id,belong,merchant_name,merchant_forshort,contact_name,phone,application_date,status,child_merchant,wechat_merchant,wechat_rate,wechat_rate_date,alipay_id,alipay_pid,alipay_their,alipay_rate,note FROM merchant ORDER BY id DESC LIMIT ?,? 
2020-03-02 17:03:36,946 DEBUG [http-nio-8080-exec-3] com.kezilai.merchant.mapper.MerchantMapper.selectPage:143  : ==> Parameters: 0(Long), 10(Long)
2020-03-02 17:03:36,959 DEBUG [http-nio-8080-exec-3] com.kezilai.merchant.mapper.MerchantMapper.selectPage:143  : <==      Total: 10
2020-03-02 17:03:37,533 WARN  [http-nio-8080-exec-3] org.apache.catalina.util.SessionIdGeneratorBase   :173  : Creation of SecureRandom instance for session ID generation using [SHA1PRNG] took [118] milliseconds.
2020-03-02 17:03:37,711 DEBUG [http-nio-8080-exec-9] com.kezilai.merchant.mapper.MerchantMapper.selectPage:143  : ==>  Preparing: SELECT COUNT(1) FROM merchant WHERE (merchant_name = ?) 
2020-03-02 17:03:37,713 DEBUG [http-nio-8080-exec-9] com.kezilai.merchant.mapper.MerchantMapper.selectPage:143  : ==> Parameters: null
2020-03-02 17:04:00,920 DEBUG [http-nio-8080-exec-7] com.kezilai.merchant.mapper.MerchantMapper.selectPage:143  : ==>  Preparing: SELECT COUNT(1) FROM merchant WHERE (wechat_merchant = ?) 
2020-03-02 17:04:00,921 DEBUG [http-nio-8080-exec-7] com.kezilai.merchant.mapper.MerchantMapper.selectPage:143  : ==> Parameters: 1564002541(String)
2020-03-02 17:04:00,927 DEBUG [http-nio-8080-exec-7] com.kezilai.merchant.mapper.MerchantMapper.selectPage:143  : ==>  Preparing: SELECT id,belong,merchant_name,merchant_forshort,contact_name,phone,application_date,status,child_merchant,wechat_merchant,wechat_rate,wechat_rate_date,alipay_id,alipay_pid,alipay_their,alipay_rate,note FROM merchant WHERE (wechat_merchant = ?) ORDER BY id DESC LIMIT ?,? 
2020-03-02 17:04:00,928 DEBUG [http-nio-8080-exec-7] com.kezilai.merchant.mapper.MerchantMapper.selectPage:143  : ==> Parameters: 1564002541(String), 0(Long), 10(Long)
2020-03-02 17:04:00,931 DEBUG [http-nio-8080-exec-7] com.kezilai.merchant.mapper.MerchantMapper.selectPage:143  : <==      Total: 1
2020-03-02 17:04:39,621 DEBUG [http-nio-8080-exec-10] com.kezilai.merchant.mapper.MerchantMapper.selectPage:143  : ==>  Preparing: SELECT COUNT(1) FROM merchant WHERE (merchant_name = ?) 
2020-03-02 17:04:39,622 DEBUG [http-nio-8080-exec-10] com.kezilai.merchant.mapper.MerchantMapper.selectPage:143  : ==> Parameters: 郑衡周(String)
2020-03-02 17:04:57,339 DEBUG [http-nio-8080-exec-1] com.kezilai.merchant.mapper.MerchantMapper.selectPage:143  : ==>  Preparing: SELECT COUNT(1) FROM merchant WHERE (merchant_name = ?) 
2020-03-02 17:04:57,339 DEBUG [http-nio-8080-exec-1] com.kezilai.merchant.mapper.MerchantMapper.selectPage:143  : ==> Parameters: 郑衡周(String)
2020-03-02 17:05:17,753 DEBUG [http-nio-8080-exec-3] com.kezilai.merchant.mapper.MerchantMapper.selectPage:143  : ==>  Preparing: SELECT COUNT(1) FROM merchant WHERE (merchant_name = ?) 
2020-03-02 17:05:17,754 DEBUG [http-nio-8080-exec-3] com.kezilai.merchant.mapper.MerchantMapper.selectPage:143  : ==> Parameters: 郑衡周(String)
2020-03-02 17:05:22,965 DEBUG [http-nio-8080-exec-5] com.kezilai.merchant.mapper.MerchantMapper.selectPage:143  : ==>  Preparing: SELECT COUNT(1) FROM merchant WHERE (status = ?) 
2020-03-02 17:05:22,966 DEBUG [http-nio-8080-exec-5] com.kezilai.merchant.mapper.MerchantMapper.selectPage:143  : ==> Parameters: 待账户验证(String)
2020-03-02 17:05:26,817 DEBUG [http-nio-8080-exec-2] com.kezilai.merchant.mapper.MerchantMapper.selectPage:143  : ==>  Preparing: SELECT COUNT(1) FROM merchant 
2020-03-02 17:05:26,817 DEBUG [http-nio-8080-exec-2] com.kezilai.merchant.mapper.MerchantMapper.selectPage:143  : ==> Parameters: 
2020-03-02 17:05:26,820 DEBUG [http-nio-8080-exec-2] com.kezilai.merchant.mapper.MerchantMapper.selectPage:143  : ==>  Preparing: SELECT id,belong,merchant_name,merchant_forshort,contact_name,phone,application_date,status,child_merchant,wechat_merchant,wechat_rate,wechat_rate_date,alipay_id,alipay_pid,alipay_their,alipay_rate,note FROM merchant ORDER BY id DESC LIMIT ?,? 
2020-03-02 17:05:26,821 DEBUG [http-nio-8080-exec-2] com.kezilai.merchant.mapper.MerchantMapper.selectPage:143  : ==> Parameters: 0(Long), 10(Long)
2020-03-02 17:05:26,825 DEBUG [http-nio-8080-exec-2] com.kezilai.merchant.mapper.MerchantMapper.selectPage:143  : <==      Total: 10
2020-03-02 17:05:26,916 DEBUG [http-nio-8080-exec-4] com.kezilai.merchant.mapper.MerchantMapper.selectPage:143  : ==>  Preparing: SELECT COUNT(1) FROM merchant WHERE (merchant_name = ?) 
2020-03-02 17:05:26,916 DEBUG [http-nio-8080-exec-4] com.kezilai.merchant.mapper.MerchantMapper.selectPage:143  : ==> Parameters: null
2020-03-02 17:05:31,052 DEBUG [http-nio-8080-exec-7] com.kezilai.merchant.mapper.MerchantMapper.selectPage:143  : ==>  Preparing: SELECT COUNT(1) FROM merchant WHERE (status = ?) 
2020-03-02 17:05:31,052 DEBUG [http-nio-8080-exec-7] com.kezilai.merchant.mapper.MerchantMapper.selectPage:143  : ==> Parameters: 支付宝待验证(String)
2020-03-02 17:05:31,053 DEBUG [http-nio-8080-exec-7] com.kezilai.merchant.mapper.MerchantMapper.selectPage:143  : ==>  Preparing: SELECT id,belong,merchant_name,merchant_forshort,contact_name,phone,application_date,status,child_merchant,wechat_merchant,wechat_rate,wechat_rate_date,alipay_id,alipay_pid,alipay_their,alipay_rate,note FROM merchant WHERE (status = ?) ORDER BY id DESC LIMIT ?,? 
2020-03-02 17:05:31,054 DEBUG [http-nio-8080-exec-7] com.kezilai.merchant.mapper.MerchantMapper.selectPage:143  : ==> Parameters: 支付宝待验证(String), 0(Long), 10(Long)
2020-03-02 17:05:31,056 DEBUG [http-nio-8080-exec-7] com.kezilai.merchant.mapper.MerchantMapper.selectPage:143  : <==      Total: 6
2020-03-02 17:05:37,457 DEBUG [http-nio-8080-exec-8] com.kezilai.merchant.mapper.MerchantMapper.selectPage:143  : ==>  Preparing: SELECT COUNT(1) FROM merchant WHERE (status = ?) 
2020-03-02 17:05:37,458 DEBUG [http-nio-8080-exec-8] com.kezilai.merchant.mapper.MerchantMapper.selectPage:143  : ==> Parameters: 微信待验证(String)
2020-03-02 17:05:37,459 DEBUG [http-nio-8080-exec-8] com.kezilai.merchant.mapper.MerchantMapper.selectPage:143  : ==>  Preparing: SELECT id,belong,merchant_name,merchant_forshort,contact_name,phone,application_date,status,child_merchant,wechat_merchant,wechat_rate,wechat_rate_date,alipay_id,alipay_pid,alipay_their,alipay_rate,note FROM merchant WHERE (status = ?) ORDER BY id DESC LIMIT ?,? 
2020-03-02 17:05:37,460 DEBUG [http-nio-8080-exec-8] com.kezilai.merchant.mapper.MerchantMapper.selectPage:143  : ==> Parameters: 微信待验证(String), 0(Long), 10(Long)
2020-03-02 17:05:37,462 DEBUG [http-nio-8080-exec-8] com.kezilai.merchant.mapper.MerchantMapper.selectPage:143  : <==      Total: 10
2020-03-02 17:05:40,421 DEBUG [http-nio-8080-exec-10] com.kezilai.merchant.mapper.MerchantMapper.selectPage:143  : ==>  Preparing: SELECT COUNT(1) FROM merchant WHERE (status = ?) 
2020-03-02 17:05:40,422 DEBUG [http-nio-8080-exec-10] com.kezilai.merchant.mapper.MerchantMapper.selectPage:143  : ==> Parameters: 审核中(String)
2020-03-02 17:05:40,423 DEBUG [http-nio-8080-exec-10] com.kezilai.merchant.mapper.MerchantMapper.selectPage:143  : ==>  Preparing: SELECT id,belong,merchant_name,merchant_forshort,contact_name,phone,application_date,status,child_merchant,wechat_merchant,wechat_rate,wechat_rate_date,alipay_id,alipay_pid,alipay_their,alipay_rate,note FROM merchant WHERE (status = ?) ORDER BY id DESC LIMIT ?,? 
2020-03-02 17:05:40,424 DEBUG [http-nio-8080-exec-10] com.kezilai.merchant.mapper.MerchantMapper.selectPage:143  : ==> Parameters: 审核中(String), 0(Long), 10(Long)
2020-03-02 17:05:40,426 DEBUG [http-nio-8080-exec-10] com.kezilai.merchant.mapper.MerchantMapper.selectPage:143  : <==      Total: 10
2020-03-02 17:05:42,602 DEBUG [http-nio-8080-exec-1] com.kezilai.merchant.mapper.MerchantMapper.selectPage:143  : ==>  Preparing: SELECT COUNT(1) FROM merchant WHERE (status = ?) 
2020-03-02 17:05:42,602 DEBUG [http-nio-8080-exec-1] com.kezilai.merchant.mapper.MerchantMapper.selectPage:143  : ==> Parameters: 待账户验证(String)
2020-03-02 17:05:44,762 DEBUG [http-nio-8080-exec-3] com.kezilai.merchant.mapper.MerchantMapper.selectPage:143  : ==>  Preparing: SELECT COUNT(1) FROM merchant WHERE (status = ?) 
2020-03-02 17:05:44,763 DEBUG [http-nio-8080-exec-3] com.kezilai.merchant.mapper.MerchantMapper.selectPage:143  : ==> Parameters: 入驻完成(String)
2020-03-02 17:05:44,765 DEBUG [http-nio-8080-exec-3] com.kezilai.merchant.mapper.MerchantMapper.selectPage:143  : ==>  Preparing: SELECT id,belong,merchant_name,merchant_forshort,contact_name,phone,application_date,status,child_merchant,wechat_merchant,wechat_rate,wechat_rate_date,alipay_id,alipay_pid,alipay_their,alipay_rate,note FROM merchant WHERE (status = ?) ORDER BY id DESC LIMIT ?,? 
2020-03-02 17:05:44,765 DEBUG [http-nio-8080-exec-3] com.kezilai.merchant.mapper.MerchantMapper.selectPage:143  : ==> Parameters: 入驻完成(String), 0(Long), 10(Long)
2020-03-02 17:05:44,767 DEBUG [http-nio-8080-exec-3] com.kezilai.merchant.mapper.MerchantMapper.selectPage:143  : <==      Total: 10
2020-03-02 17:10:10,709 DEBUG [http-nio-8080-exec-7] com.kezilai.merchant.mapper.MerchantMapper.selectPage:143  : ==>  Preparing: SELECT COUNT(1) FROM merchant WHERE (merchant_name = ?) 
2020-03-02 17:10:10,710 DEBUG [http-nio-8080-exec-7] com.kezilai.merchant.mapper.MerchantMapper.selectPage:143  : ==> Parameters: 王本雪(String)
2020-03-02 17:10:13,325 DEBUG [http-nio-8080-exec-8] com.kezilai.merchant.mapper.MerchantMapper.selectPage:143  : ==>  Preparing: SELECT COUNT(1) FROM merchant WHERE (merchant_name = ?) 
2020-03-02 17:10:13,326 DEBUG [http-nio-8080-exec-8] com.kezilai.merchant.mapper.MerchantMapper.selectPage:143  : ==> Parameters: 王本雪(String)
