2019-12-07 15:24:58,739 INFO  [restartedMain] com.kezilai.merchant.MerchantApplication          :50   : Starting MerchantApplication on DESKTOP-ILLE8H7 with PID 2264 (started by PRQ in D:\IntelliJ IDEA\IDEA-worksoace\merchant)
2019-12-07 15:24:58,752 INFO  [restartedMain] com.kezilai.merchant.MerchantApplication          :675  : No active profile set, falling back to default profiles: default
2019-12-07 15:24:58,891 INFO  [restartedMain] org.springframework.boot.devtools.env.DevToolsPropertyDefaultsPostProcessor:227  : Devtools property defaults active! Set 'spring.devtools.add-properties' to 'false' to disable
2019-12-07 15:24:58,892 INFO  [restartedMain] org.springframework.boot.devtools.env.DevToolsPropertyDefaultsPostProcessor:227  : For additional web related logging consider setting the 'logging.level.web' property to 'DEBUG'
2019-12-07 15:25:00,514 WARN  [restartedMain] org.mybatis.spring.mapper.ClassPathMapperScanner  :166  : No MyBatis mapper was found in '[com.kezilai.merchant.mapper.*Mapper]' package. Please check your configuration.
2019-12-07 15:25:00,754 INFO  [restartedMain] org.springframework.data.repository.config.RepositoryConfigurationDelegate:244  : Multiple Spring Data modules found, entering strict repository configuration mode!
2019-12-07 15:25:00,758 INFO  [restartedMain] org.springframework.data.repository.config.RepositoryConfigurationDelegate:126  : Bootstrapping Spring Data repositories in DEFAULT mode.
2019-12-07 15:25:00,796 INFO  [restartedMain] org.springframework.data.repository.config.RepositoryConfigurationDelegate:182  : Finished Spring Data repository scanning in 14ms. Found 0 repository interfaces.
2019-12-07 15:25:01,197 INFO  [restartedMain] org.springframework.context.support.PostProcessorRegistrationDelegate$BeanPostProcessorChecker:330  : Bean 'org.springframework.transaction.annotation.ProxyTransactionManagementConfiguration' of type [org.springframework.transaction.annotation.ProxyTransactionManagementConfiguration$$EnhancerBySpringCGLIB$$77645299] is not eligible for getting processed by all BeanPostProcessors (for example: not eligible for auto-proxying)
2019-12-07 15:25:01,934 INFO  [restartedMain] org.springframework.boot.web.embedded.tomcat.TomcatWebServer:90   : Tomcat initialized with port(s): 8080 (http)
2019-12-07 15:25:01,955 INFO  [restartedMain] org.apache.coyote.http11.Http11NioProtocol        :173  : Initializing ProtocolHandler ["http-nio-8080"]
2019-12-07 15:25:01,968 INFO  [restartedMain] org.apache.catalina.core.StandardService          :173  : Starting service [Tomcat]
2019-12-07 15:25:01,969 INFO  [restartedMain] org.apache.catalina.core.StandardEngine           :173  : Starting Servlet Engine: Apache Tomcat/9.0.13
2019-12-07 15:25:01,979 INFO  [restartedMain] org.apache.catalina.core.AprLifecycleListener     :173  : Loaded APR based Apache Tomcat Native library [1.2.23] using APR version [1.7.0].
2019-12-07 15:25:01,980 INFO  [restartedMain] org.apache.catalina.core.AprLifecycleListener     :173  : APR capabilities: IPv6 [true], sendfile [true], accept filters [false], random [true].
2019-12-07 15:25:01,980 INFO  [restartedMain] org.apache.catalina.core.AprLifecycleListener     :173  : APR/OpenSSL configuration: useAprConnector [false], useOpenSSL [true]
2019-12-07 15:25:01,997 INFO  [restartedMain] org.apache.catalina.core.AprLifecycleListener     :173  : OpenSSL successfully initialized [OpenSSL 1.1.1c  28 May 2019]
2019-12-07 15:25:02,384 INFO  [restartedMain] org.apache.jasper.servlet.TldScanner              :173  : At least one JAR was scanned for TLDs yet contained no TLDs. Enable debug logging for this logger for a complete list of JARs that were scanned but no TLDs were found in them. Skipping unneeded JARs during scanning can improve startup time and JSP compilation time.
2019-12-07 15:25:02,391 INFO  [restartedMain] org.apache.catalina.core.ContainerBase.[Tomcat].[localhost].[/]:173  : Initializing Spring embedded WebApplicationContext
2019-12-07 15:25:02,391 INFO  [restartedMain] org.springframework.web.context.ContextLoader     :296  : Root WebApplicationContext: initialization completed in 3498 ms
2019-12-07 15:25:03,048 INFO  [restartedMain] org.springframework.scheduling.concurrent.ThreadPoolTaskExecutor:171  : Initializing ExecutorService 'applicationTaskExecutor'
2019-12-07 15:25:03,159 INFO  [restartedMain] org.springframework.boot.autoconfigure.web.servlet.WelcomePageHandlerMapping:61   : Adding welcome page template: index
2019-12-07 15:25:03,642 INFO  [restartedMain] org.springframework.boot.devtools.autoconfigure.OptionalLiveReloadServer:57   : LiveReload server is running on port 35729
2019-12-07 15:25:03,676 INFO  [restartedMain] org.apache.coyote.http11.Http11NioProtocol        :173  : Starting ProtocolHandler ["http-nio-8080"]
2019-12-07 15:25:03,688 INFO  [restartedMain] org.apache.tomcat.util.net.NioSelectorPool        :173  : Using a shared selector for servlet write/read
2019-12-07 15:25:03,717 INFO  [restartedMain] org.springframework.boot.web.embedded.tomcat.TomcatWebServer:204  : Tomcat started on port(s): 8080 (http) with context path ''
2019-12-07 15:25:03,720 INFO  [restartedMain] com.kezilai.merchant.MerchantApplication          :59   : Started MerchantApplication in 5.999 seconds (JVM running for 8.652)
2019-12-07 15:26:08,367 INFO  [http-nio-8080-exec-2] org.apache.coyote.http11.Http11Processor          :175  : Error parsing HTTP request header
 Note: further occurrences of HTTP request parsing errors will be logged at DEBUG level.
java.lang.IllegalArgumentException: Invalid character found in method name. HTTP method names must be tokens
	at org.apache.coyote.http11.Http11InputBuffer.parseRequestLine(Http11InputBuffer.java:414)
	at org.apache.coyote.http11.Http11Processor.service(Http11Processor.java:294)
	at org.apache.coyote.AbstractProcessorLight.process(AbstractProcessorLight.java:66)
	at org.apache.coyote.AbstractProtocol$ConnectionHandler.process(AbstractProtocol.java:791)
	at org.apache.tomcat.util.net.NioEndpoint$SocketProcessor.doRun(NioEndpoint.java:1417)
	at org.apache.tomcat.util.net.SocketProcessorBase.run(SocketProcessorBase.java:49)
	at java.util.concurrent.ThreadPoolExecutor.runWorker(ThreadPoolExecutor.java:1149)
	at java.util.concurrent.ThreadPoolExecutor$Worker.run(ThreadPoolExecutor.java:624)
	at org.apache.tomcat.util.threads.TaskThread$WrappingRunnable.run(TaskThread.java:61)
	at java.lang.Thread.run(Thread.java:748)
2019-12-07 15:26:08,367 INFO  [http-nio-8080-exec-1] org.apache.coyote.http11.Http11Processor          :175  : Error parsing HTTP request header
 Note: further occurrences of HTTP request parsing errors will be logged at DEBUG level.
java.lang.IllegalArgumentException: Invalid character found in method name. HTTP method names must be tokens
	at org.apache.coyote.http11.Http11InputBuffer.parseRequestLine(Http11InputBuffer.java:414)
	at org.apache.coyote.http11.Http11Processor.service(Http11Processor.java:294)
	at org.apache.coyote.AbstractProcessorLight.process(AbstractProcessorLight.java:66)
	at org.apache.coyote.AbstractProtocol$ConnectionHandler.process(AbstractProtocol.java:791)
	at org.apache.tomcat.util.net.NioEndpoint$SocketProcessor.doRun(NioEndpoint.java:1417)
	at org.apache.tomcat.util.net.SocketProcessorBase.run(SocketProcessorBase.java:49)
	at java.util.concurrent.ThreadPoolExecutor.runWorker(ThreadPoolExecutor.java:1149)
	at java.util.concurrent.ThreadPoolExecutor$Worker.run(ThreadPoolExecutor.java:624)
	at org.apache.tomcat.util.threads.TaskThread$WrappingRunnable.run(TaskThread.java:61)
	at java.lang.Thread.run(Thread.java:748)
2019-12-07 15:26:08,411 INFO  [http-nio-8080-exec-3] org.apache.coyote.http11.Http11Processor          :175  : Error parsing HTTP request header
 Note: further occurrences of HTTP request parsing errors will be logged at DEBUG level.
java.lang.IllegalArgumentException: Invalid character found in method name. HTTP method names must be tokens
	at org.apache.coyote.http11.Http11InputBuffer.parseRequestLine(Http11InputBuffer.java:414)
	at org.apache.coyote.http11.Http11Processor.service(Http11Processor.java:294)
	at org.apache.coyote.AbstractProcessorLight.process(AbstractProcessorLight.java:66)
	at org.apache.coyote.AbstractProtocol$ConnectionHandler.process(AbstractProtocol.java:791)
	at org.apache.tomcat.util.net.NioEndpoint$SocketProcessor.doRun(NioEndpoint.java:1417)
	at org.apache.tomcat.util.net.SocketProcessorBase.run(SocketProcessorBase.java:49)
	at java.util.concurrent.ThreadPoolExecutor.runWorker(ThreadPoolExecutor.java:1149)
	at java.util.concurrent.ThreadPoolExecutor$Worker.run(ThreadPoolExecutor.java:624)
	at org.apache.tomcat.util.threads.TaskThread$WrappingRunnable.run(TaskThread.java:61)
	at java.lang.Thread.run(Thread.java:748)
2019-12-07 15:27:20,117 INFO  [http-nio-8080-exec-4] org.apache.catalina.core.ContainerBase.[Tomcat].[localhost].[/]:173  : Initializing Spring DispatcherServlet 'dispatcherServlet'
2019-12-07 15:27:20,118 INFO  [http-nio-8080-exec-4] org.springframework.web.servlet.DispatcherServlet :524  : Initializing Servlet 'dispatcherServlet'
2019-12-07 15:27:20,134 INFO  [http-nio-8080-exec-4] org.springframework.web.servlet.DispatcherServlet :546  : Completed initialization in 16 ms
2019-12-07 15:27:20,234 INFO  [http-nio-8080-exec-4] com.zaxxer.hikari.HikariDataSource                :110  : HikariPool-1 - Starting...
2019-12-07 15:27:20,501 INFO  [http-nio-8080-exec-4] com.zaxxer.hikari.HikariDataSource                :123  : HikariPool-1 - Start completed.
2019-12-07 15:44:33,320 INFO  [main] com.kezilai.merchant.MerchantApplicationTests     :50   : Starting MerchantApplicationTests on DESKTOP-ILLE8H7 with PID 2444 (started by PRQ in D:\IntelliJ IDEA\IDEA-worksoace\merchant)
2019-12-07 15:44:33,368 INFO  [main] com.kezilai.merchant.MerchantApplicationTests     :675  : No active profile set, falling back to default profiles: default
2019-12-07 15:44:34,599 WARN  [main] org.mybatis.spring.mapper.ClassPathMapperScanner  :166  : No MyBatis mapper was found in '[com.kezilai.merchant.mapper.*Mapper]' package. Please check your configuration.
2019-12-07 15:44:34,923 INFO  [main] org.springframework.data.repository.config.RepositoryConfigurationDelegate:244  : Multiple Spring Data modules found, entering strict repository configuration mode!
2019-12-07 15:44:34,928 INFO  [main] org.springframework.data.repository.config.RepositoryConfigurationDelegate:126  : Bootstrapping Spring Data repositories in DEFAULT mode.
2019-12-07 15:44:34,969 INFO  [main] org.springframework.data.repository.config.RepositoryConfigurationDelegate:182  : Finished Spring Data repository scanning in 17ms. Found 0 repository interfaces.
2019-12-07 15:44:35,768 INFO  [main] org.springframework.context.support.PostProcessorRegistrationDelegate$BeanPostProcessorChecker:330  : Bean 'org.springframework.transaction.annotation.ProxyTransactionManagementConfiguration' of type [org.springframework.transaction.annotation.ProxyTransactionManagementConfiguration$$EnhancerBySpringCGLIB$$b45af172] is not eligible for getting processed by all BeanPostProcessors (for example: not eligible for auto-proxying)
2019-12-07 15:44:37,888 INFO  [main] org.springframework.scheduling.concurrent.ThreadPoolTaskExecutor:171  : Initializing ExecutorService 'applicationTaskExecutor'
2019-12-07 15:44:38,246 INFO  [main] org.springframework.boot.autoconfigure.web.servlet.WelcomePageHandlerMapping:61   : Adding welcome page template: index
2019-12-07 15:44:39,661 INFO  [main] com.kezilai.merchant.MerchantApplicationTests     :59   : Started MerchantApplicationTests in 7.111 seconds (JVM running for 9.198)
2019-12-07 15:44:40,163 INFO  [Thread-3] org.springframework.scheduling.concurrent.ThreadPoolTaskExecutor:208  : Shutting down ExecutorService 'applicationTaskExecutor'
2019-12-07 15:46:37,143 INFO  [main] com.kezilai.merchant.MerchantApplicationTests     :50   : Starting MerchantApplicationTests on DESKTOP-ILLE8H7 with PID 9348 (started by PRQ in D:\IntelliJ IDEA\IDEA-worksoace\merchant)
2019-12-07 15:46:37,207 INFO  [main] com.kezilai.merchant.MerchantApplicationTests     :675  : No active profile set, falling back to default profiles: default
2019-12-07 15:46:38,979 WARN  [main] org.mybatis.spring.mapper.ClassPathMapperScanner  :166  : No MyBatis mapper was found in '[com.kezilai.merchant.mapper.*Mapper]' package. Please check your configuration.
2019-12-07 15:46:39,323 INFO  [main] org.springframework.data.repository.config.RepositoryConfigurationDelegate:244  : Multiple Spring Data modules found, entering strict repository configuration mode!
2019-12-07 15:46:39,327 INFO  [main] org.springframework.data.repository.config.RepositoryConfigurationDelegate:126  : Bootstrapping Spring Data repositories in DEFAULT mode.
2019-12-07 15:46:39,369 INFO  [main] org.springframework.data.repository.config.RepositoryConfigurationDelegate:182  : Finished Spring Data repository scanning in 17ms. Found 0 repository interfaces.
2019-12-07 15:46:40,050 INFO  [main] org.springframework.context.support.PostProcessorRegistrationDelegate$BeanPostProcessorChecker:330  : Bean 'org.springframework.transaction.annotation.ProxyTransactionManagementConfiguration' of type [org.springframework.transaction.annotation.ProxyTransactionManagementConfiguration$$EnhancerBySpringCGLIB$$b76b0a65] is not eligible for getting processed by all BeanPostProcessors (for example: not eligible for auto-proxying)
2019-12-07 15:46:42,102 INFO  [main] org.springframework.scheduling.concurrent.ThreadPoolTaskExecutor:171  : Initializing ExecutorService 'applicationTaskExecutor'
2019-12-07 15:46:42,523 INFO  [main] org.springframework.boot.autoconfigure.web.servlet.WelcomePageHandlerMapping:61   : Adding welcome page template: index
2019-12-07 15:46:43,902 INFO  [main] com.kezilai.merchant.MerchantApplicationTests     :59   : Started MerchantApplicationTests in 8.005 seconds (JVM running for 10.726)
2019-12-07 15:46:44,375 INFO  [Thread-3] org.springframework.scheduling.concurrent.ThreadPoolTaskExecutor:208  : Shutting down ExecutorService 'applicationTaskExecutor'
